#
# A fatal error has been detected by the Java Runtime Environment:
#
#  Internal Error (./open/src/hotspot/share/interpreter/oopMapCache.cpp:111), pid=19380, tid=14980
#  Error: ShouldNotReachHere()
#
# JRE version: OpenJDK Runtime Environment (15.0.1+9) (build 15.0.1+9-18)
# Java VM: OpenJDK 64-Bit Server VM (15.0.1+9-18, mixed mode, sharing, tiered, compressed oops, g1 gc, windows-amd64)
# No core dump will be written. Minidumps are not enabled by default on client versions of Windows
#
# If you would like to submit a bug report, please visit:
#   https://bugreport.java.com/bugreport/crash.jsp
#

---------------  S U M M A R Y ------------

Command Line: -XX:+ShowCodeDetailsInExceptionMessages -agentlib:jdwp=transport=dt_socket,suspend=y,address=localhost:57246 -javaagent:C:\Users\joshu\eclipse\java-2021-092\eclipse\configuration\org.eclipse.osgi\222\0\.cp\lib\javaagent-shaded.jar -Dfile.encoding=Cp1252 MazeGUI

Host: Intel(R) Core(TM) i7-8550U CPU @ 1.80GHz, 8 cores, 7G,  Windows 10 , 64 bit Build 19041 (10.0.19041.1348)
Time: Tue Nov 30 19:15:41 2021 Pacific Standard Time elapsed time: 133.747359 seconds (0d 0h 2m 13s)

---------------  T H R E A D  ---------------

Current thread (0x000001864d2a8550):  JavaThread "JDWP Transport Listener: dt_socket" daemon [_thread_in_vm, id=14980, stack(0x0000002badd00000,0x0000002bade00000)] _threads_hazard_ptr=0x000001864d985890

Stack: [0x0000002badd00000,0x0000002bade00000]
Native frames: (J=compiled Java code, j=interpreted, Vv=VM code, C=native code)
V  [jvm.dll+0x62ae9a]
V  [jvm.dll+0x781389]
V  [jvm.dll+0x782ae3]
V  [jvm.dll+0x7830f7]
V  [jvm.dll+0x2161cc]
V  [jvm.dll+0x216113]
V  [jvm.dll+0x619caa]
V  [jvm.dll+0x619963]
V  [jvm.dll+0x5df038]
V  [jvm.dll+0x7783ef]
V  [jvm.dll+0x4f04b1]
V  [jvm.dll+0x787e95]
V  [jvm.dll+0x4d430a]
V  [jvm.dll+0x49548b]
C  [jdwp.dll+0x796b]


---------------  P R O C E S S  ---------------

Threads class SMR info:
_java_thread_list=0x000001864d985890, length=16, elements={
0x000001862dc91490, 0x000001864c71ed60, 0x000001864c71f930, 0x000001864c738c60,
0x000001864c73b720, 0x000001864c73c1d0, 0x000001864c7483e0, 0x000001864c74d3e0,
0x000001864c7566a0, 0x000001864c702e50, 0x000001864d2a8550, 0x000001864d303280,
0x000001864d305780, 0x000001864d348b90, 0x000001864d8c7eb0, 0x000001864d407670
}

Java Threads: ( => current thread )
  0x000001862dc91490 JavaThread "main" [_thread_blocked, id=8248, stack(0x0000002bacc00000,0x0000002bacd00000)]
  0x000001864c71ed60 JavaThread "Reference Handler" daemon [_thread_blocked, id=424, stack(0x0000002bad300000,0x0000002bad400000)]
  0x000001864c71f930 JavaThread "Finalizer" daemon [_thread_blocked, id=21408, stack(0x0000002bad400000,0x0000002bad500000)]
  0x000001864c738c60 JavaThread "Signal Dispatcher" daemon [_thread_blocked, id=18676, stack(0x0000002bad500000,0x0000002bad600000)]
  0x000001864c73b720 JavaThread "Attach Listener" daemon [_thread_blocked, id=1200, stack(0x0000002bad600000,0x0000002bad700000)]
  0x000001864c73c1d0 JavaThread "Service Thread" daemon [_thread_blocked, id=808, stack(0x0000002bad700000,0x0000002bad800000)]
  0x000001864c7483e0 JavaThread "C2 CompilerThread0" daemon [_thread_blocked, id=15920, stack(0x0000002bad800000,0x0000002bad900000)]
  0x000001864c74d3e0 JavaThread "C1 CompilerThread0" daemon [_thread_blocked, id=24004, stack(0x0000002bad900000,0x0000002bada00000)]
  0x000001864c7566a0 JavaThread "Sweeper thread" daemon [_thread_blocked, id=19116, stack(0x0000002bada00000,0x0000002badb00000)]
  0x000001864c702e50 JavaThread "Common-Cleaner" daemon [_thread_blocked, id=4740, stack(0x0000002badb00000,0x0000002badc00000)]
=>0x000001864d2a8550 JavaThread "JDWP Transport Listener: dt_socket" daemon [_thread_in_vm, id=14980, stack(0x0000002badd00000,0x0000002bade00000)] _threads_hazard_ptr=0x000001864d985890
  0x000001864d303280 JavaThread "JDWP Event Helper Thread" daemon [_thread_blocked, id=7864, stack(0x0000002bade00000,0x0000002badf00000)]
  0x000001864d305780 JavaThread "JDWP Command Reader" daemon [_thread_in_native, id=1972, stack(0x0000002badf00000,0x0000002bae000000)]
  0x000001864d348b90 JavaThread "Notification Thread" daemon [_thread_blocked, id=24164, stack(0x0000002bae000000,0x0000002bae100000)]
  0x000001864d8c7eb0 JavaThread "Java2D Disposer" daemon [_thread_blocked, id=18480, stack(0x0000002bae200000,0x0000002bae300000)]
  0x000001864d407670 JavaThread "AWT-Windows" daemon [_thread_in_native, id=3544, stack(0x0000002bae400000,0x0000002bae500000)]

Other Threads:
  0x000001864c71b4d0 VMThread "VM Thread" [stack: 0x0000002bad200000,0x0000002bad300000] [id=24128]
  0x000001862dc923d0 WatcherThread [stack: 0x0000002bae100000,0x0000002bae200000] [id=12976]
  0x000001862dcd2f50 GCTaskThread "GC Thread#0" [stack: 0x0000002bacd00000,0x0000002bace00000] [id=13460]
  0x000001862dce44c0 ConcurrentGCThread "G1 Main Marker" [stack: 0x0000002bace00000,0x0000002bacf00000] [id=14808]
  0x000001862dce50b0 ConcurrentGCThread "G1 Conc#0" [stack: 0x0000002bacf00000,0x0000002bad000000] [id=22452]
  0x000001862dd61800 ConcurrentGCThread "G1 Refine#0" [stack: 0x0000002bad000000,0x0000002bad100000] [id=2992]
  0x000001862dd622a0 ConcurrentGCThread "G1 Young RemSet Sampling" [stack: 0x0000002bad100000,0x0000002bad200000] [id=4980]

Threads with active compile tasks:

VM state: not at safepoint (normal execution)

VM Mutex/Monitor currently owned by a thread: None

Heap address: 0x0000000081c00000, size: 2020 MB, Compressed Oops mode: 32-bit
CDS archive(s) mapped at: [0x0000000800000000-0x0000000800b50000-0x0000000800b50000), size 11862016, SharedBaseAddress: 0x0000000800000000, ArchiveRelocationMode: 0.
Compressed class space mapped at: 0x0000000800b50000-0x0000000840b50000, size: 1073741824
Narrow klass base: 0x0000000800000000, Narrow klass shift: 3, Narrow klass range: 0x100000000

GC Precious Log:
 CPUs: 8 total, 8 available
 Memory: 8074M
 Large Page Support: Disabled
 NUMA Support: Disabled
 Compressed Oops: Enabled (32-bit)
 Heap Region Size: 1M
 Heap Min Capacity: 8M
 Heap Initial Capacity: 128M
 Heap Max Capacity: 2020M
 Pre-touch: Disabled
 Parallel Workers: 8
 Concurrent Workers: 2
 Concurrent Refinement Workers: 8
 Periodic GC: Disabled

Heap:
 garbage-first heap   total 131072K, used 17408K [0x0000000081c00000, 0x0000000100000000)
  region size 1024K, 19 young (19456K), 0 survivors (0K)
 Metaspace       used 8141K, capacity 8345K, committed 8576K, reserved 1056768K
  class space    used 819K, capacity 880K, committed 896K, reserved 1048576K

Heap Regions: E=young(eden), S=young(survivor), O=old, HS=humongous(starts), HC=humongous(continues), CS=collection set, F=free, OA=open archive, CA=closed archive, TAMS=top-at-mark-start (previous, next)
|   0|0x0000000081c00000, 0x0000000081c00000, 0x0000000081d00000|  0%| F|  |TAMS 0x0000000081c00000, 0x0000000081c00000| Untracked 
|   1|0x0000000081d00000, 0x0000000081d00000, 0x0000000081e00000|  0%| F|  |TAMS 0x0000000081d00000, 0x0000000081d00000| Untracked 
|   2|0x0000000081e00000, 0x0000000081e00000, 0x0000000081f00000|  0%| F|  |TAMS 0x0000000081e00000, 0x0000000081e00000| Untracked 
|   3|0x0000000081f00000, 0x0000000081f00000, 0x0000000082000000|  0%| F|  |TAMS 0x0000000081f00000, 0x0000000081f00000| Untracked 
|   4|0x0000000082000000, 0x0000000082000000, 0x0000000082100000|  0%| F|  |TAMS 0x0000000082000000, 0x0000000082000000| Untracked 
|   5|0x0000000082100000, 0x0000000082100000, 0x0000000082200000|  0%| F|  |TAMS 0x0000000082100000, 0x0000000082100000| Untracked 
|   6|0x0000000082200000, 0x0000000082200000, 0x0000000082300000|  0%| F|  |TAMS 0x0000000082200000, 0x0000000082200000| Untracked 
|   7|0x0000000082300000, 0x0000000082300000, 0x0000000082400000|  0%| F|  |TAMS 0x0000000082300000, 0x0000000082300000| Untracked 
|   8|0x0000000082400000, 0x0000000082400000, 0x0000000082500000|  0%| F|  |TAMS 0x0000000082400000, 0x0000000082400000| Untracked 
|   9|0x0000000082500000, 0x0000000082500000, 0x0000000082600000|  0%| F|  |TAMS 0x0000000082500000, 0x0000000082500000| Untracked 
|  10|0x0000000082600000, 0x0000000082600000, 0x0000000082700000|  0%| F|  |TAMS 0x0000000082600000, 0x0000000082600000| Untracked 
|  11|0x0000000082700000, 0x0000000082700000, 0x0000000082800000|  0%| F|  |TAMS 0x0000000082700000, 0x0000000082700000| Untracked 
|  12|0x0000000082800000, 0x0000000082800000, 0x0000000082900000|  0%| F|  |TAMS 0x0000000082800000, 0x0000000082800000| Untracked 
|  13|0x0000000082900000, 0x0000000082900000, 0x0000000082a00000|  0%| F|  |TAMS 0x0000000082900000, 0x0000000082900000| Untracked 
|  14|0x0000000082a00000, 0x0000000082a00000, 0x0000000082b00000|  0%| F|  |TAMS 0x0000000082a00000, 0x0000000082a00000| Untracked 
|  15|0x0000000082b00000, 0x0000000082b00000, 0x0000000082c00000|  0%| F|  |TAMS 0x0000000082b00000, 0x0000000082b00000| Untracked 
|  16|0x0000000082c00000, 0x0000000082c00000, 0x0000000082d00000|  0%| F|  |TAMS 0x0000000082c00000, 0x0000000082c00000| Untracked 
|  17|0x0000000082d00000, 0x0000000082d00000, 0x0000000082e00000|  0%| F|  |TAMS 0x0000000082d00000, 0x0000000082d00000| Untracked 
|  18|0x0000000082e00000, 0x0000000082e00000, 0x0000000082f00000|  0%| F|  |TAMS 0x0000000082e00000, 0x0000000082e00000| Untracked 
|  19|0x0000000082f00000, 0x0000000082f00000, 0x0000000083000000|  0%| F|  |TAMS 0x0000000082f00000, 0x0000000082f00000| Untracked 
|  20|0x0000000083000000, 0x0000000083000000, 0x0000000083100000|  0%| F|  |TAMS 0x0000000083000000, 0x0000000083000000| Untracked 
|  21|0x0000000083100000, 0x0000000083100000, 0x0000000083200000|  0%| F|  |TAMS 0x0000000083100000, 0x0000000083100000| Untracked 
|  22|0x0000000083200000, 0x0000000083200000, 0x0000000083300000|  0%| F|  |TAMS 0x0000000083200000, 0x0000000083200000| Untracked 
|  23|0x0000000083300000, 0x0000000083300000, 0x0000000083400000|  0%| F|  |TAMS 0x0000000083300000, 0x0000000083300000| Untracked 
|  24|0x0000000083400000, 0x0000000083400000, 0x0000000083500000|  0%| F|  |TAMS 0x0000000083400000, 0x0000000083400000| Untracked 
|  25|0x0000000083500000, 0x0000000083500000, 0x0000000083600000|  0%| F|  |TAMS 0x0000000083500000, 0x0000000083500000| Untracked 
|  26|0x0000000083600000, 0x0000000083600000, 0x0000000083700000|  0%| F|  |TAMS 0x0000000083600000, 0x0000000083600000| Untracked 
|  27|0x0000000083700000, 0x0000000083700000, 0x0000000083800000|  0%| F|  |TAMS 0x0000000083700000, 0x0000000083700000| Untracked 
|  28|0x0000000083800000, 0x0000000083800000, 0x0000000083900000|  0%| F|  |TAMS 0x0000000083800000, 0x0000000083800000| Untracked 
|  29|0x0000000083900000, 0x0000000083900000, 0x0000000083a00000|  0%| F|  |TAMS 0x0000000083900000, 0x0000000083900000| Untracked 
|  30|0x0000000083a00000, 0x0000000083a00000, 0x0000000083b00000|  0%| F|  |TAMS 0x0000000083a00000, 0x0000000083a00000| Untracked 
|  31|0x0000000083b00000, 0x0000000083b00000, 0x0000000083c00000|  0%| F|  |TAMS 0x0000000083b00000, 0x0000000083b00000| Untracked 
|  32|0x0000000083c00000, 0x0000000083c00000, 0x0000000083d00000|  0%| F|  |TAMS 0x0000000083c00000, 0x0000000083c00000| Untracked 
|  33|0x0000000083d00000, 0x0000000083d00000, 0x0000000083e00000|  0%| F|  |TAMS 0x0000000083d00000, 0x0000000083d00000| Untracked 
|  34|0x0000000083e00000, 0x0000000083e00000, 0x0000000083f00000|  0%| F|  |TAMS 0x0000000083e00000, 0x0000000083e00000| Untracked 
|  35|0x0000000083f00000, 0x0000000083f00000, 0x0000000084000000|  0%| F|  |TAMS 0x0000000083f00000, 0x0000000083f00000| Untracked 
|  36|0x0000000084000000, 0x0000000084000000, 0x0000000084100000|  0%| F|  |TAMS 0x0000000084000000, 0x0000000084000000| Untracked 
|  37|0x0000000084100000, 0x0000000084100000, 0x0000000084200000|  0%| F|  |TAMS 0x0000000084100000, 0x0000000084100000| Untracked 
|  38|0x0000000084200000, 0x0000000084200000, 0x0000000084300000|  0%| F|  |TAMS 0x0000000084200000, 0x0000000084200000| Untracked 
|  39|0x0000000084300000, 0x0000000084300000, 0x0000000084400000|  0%| F|  |TAMS 0x0000000084300000, 0x0000000084300000| Untracked 
|  40|0x0000000084400000, 0x0000000084400000, 0x0000000084500000|  0%| F|  |TAMS 0x0000000084400000, 0x0000000084400000| Untracked 
|  41|0x0000000084500000, 0x0000000084500000, 0x0000000084600000|  0%| F|  |TAMS 0x0000000084500000, 0x0000000084500000| Untracked 
|  42|0x0000000084600000, 0x0000000084600000, 0x0000000084700000|  0%| F|  |TAMS 0x0000000084600000, 0x0000000084600000| Untracked 
|  43|0x0000000084700000, 0x0000000084700000, 0x0000000084800000|  0%| F|  |TAMS 0x0000000084700000, 0x0000000084700000| Untracked 
|  44|0x0000000084800000, 0x0000000084800000, 0x0000000084900000|  0%| F|  |TAMS 0x0000000084800000, 0x0000000084800000| Untracked 
|  45|0x0000000084900000, 0x0000000084900000, 0x0000000084a00000|  0%| F|  |TAMS 0x0000000084900000, 0x0000000084900000| Untracked 
|  46|0x0000000084a00000, 0x0000000084a00000, 0x0000000084b00000|  0%| F|  |TAMS 0x0000000084a00000, 0x0000000084a00000| Untracked 
|  47|0x0000000084b00000, 0x0000000084b00000, 0x0000000084c00000|  0%| F|  |TAMS 0x0000000084b00000, 0x0000000084b00000| Untracked 
|  48|0x0000000084c00000, 0x0000000084c00000, 0x0000000084d00000|  0%| F|  |TAMS 0x0000000084c00000, 0x0000000084c00000| Untracked 
|  49|0x0000000084d00000, 0x0000000084d00000, 0x0000000084e00000|  0%| F|  |TAMS 0x0000000084d00000, 0x0000000084d00000| Untracked 
|  50|0x0000000084e00000, 0x0000000084e00000, 0x0000000084f00000|  0%| F|  |TAMS 0x0000000084e00000, 0x0000000084e00000| Untracked 
|  51|0x0000000084f00000, 0x0000000084f00000, 0x0000000085000000|  0%| F|  |TAMS 0x0000000084f00000, 0x0000000084f00000| Untracked 
|  52|0x0000000085000000, 0x0000000085000000, 0x0000000085100000|  0%| F|  |TAMS 0x0000000085000000, 0x0000000085000000| Untracked 
|  53|0x0000000085100000, 0x0000000085100000, 0x0000000085200000|  0%| F|  |TAMS 0x0000000085100000, 0x0000000085100000| Untracked 
|  54|0x0000000085200000, 0x0000000085200000, 0x0000000085300000|  0%| F|  |TAMS 0x0000000085200000, 0x0000000085200000| Untracked 
|  55|0x0000000085300000, 0x0000000085300000, 0x0000000085400000|  0%| F|  |TAMS 0x0000000085300000, 0x0000000085300000| Untracked 
|  56|0x0000000085400000, 0x0000000085400000, 0x0000000085500000|  0%| F|  |TAMS 0x0000000085400000, 0x0000000085400000| Untracked 
|  57|0x0000000085500000, 0x0000000085500000, 0x0000000085600000|  0%| F|  |TAMS 0x0000000085500000, 0x0000000085500000| Untracked 
|  58|0x0000000085600000, 0x0000000085600000, 0x0000000085700000|  0%| F|  |TAMS 0x0000000085600000, 0x0000000085600000| Untracked 
|  59|0x0000000085700000, 0x0000000085700000, 0x0000000085800000|  0%| F|  |TAMS 0x0000000085700000, 0x0000000085700000| Untracked 
|  60|0x0000000085800000, 0x0000000085800000, 0x0000000085900000|  0%| F|  |TAMS 0x0000000085800000, 0x0000000085800000| Untracked 
|  61|0x0000000085900000, 0x0000000085900000, 0x0000000085a00000|  0%| F|  |TAMS 0x0000000085900000, 0x0000000085900000| Untracked 
|  62|0x0000000085a00000, 0x0000000085a00000, 0x0000000085b00000|  0%| F|  |TAMS 0x0000000085a00000, 0x0000000085a00000| Untracked 
|  63|0x0000000085b00000, 0x0000000085b00000, 0x0000000085c00000|  0%| F|  |TAMS 0x0000000085b00000, 0x0000000085b00000| Untracked 
|  64|0x0000000085c00000, 0x0000000085c00000, 0x0000000085d00000|  0%| F|  |TAMS 0x0000000085c00000, 0x0000000085c00000| Untracked 
|  65|0x0000000085d00000, 0x0000000085d00000, 0x0000000085e00000|  0%| F|  |TAMS 0x0000000085d00000, 0x0000000085d00000| Untracked 
|  66|0x0000000085e00000, 0x0000000085e00000, 0x0000000085f00000|  0%| F|  |TAMS 0x0000000085e00000, 0x0000000085e00000| Untracked 
|  67|0x0000000085f00000, 0x0000000085f00000, 0x0000000086000000|  0%| F|  |TAMS 0x0000000085f00000, 0x0000000085f00000| Untracked 
|  68|0x0000000086000000, 0x0000000086000000, 0x0000000086100000|  0%| F|  |TAMS 0x0000000086000000, 0x0000000086000000| Untracked 
|  69|0x0000000086100000, 0x0000000086100000, 0x0000000086200000|  0%| F|  |TAMS 0x0000000086100000, 0x0000000086100000| Untracked 
|  70|0x0000000086200000, 0x0000000086200000, 0x0000000086300000|  0%| F|  |TAMS 0x0000000086200000, 0x0000000086200000| Untracked 
|  71|0x0000000086300000, 0x0000000086300000, 0x0000000086400000|  0%| F|  |TAMS 0x0000000086300000, 0x0000000086300000| Untracked 
|  72|0x0000000086400000, 0x0000000086400000, 0x0000000086500000|  0%| F|  |TAMS 0x0000000086400000, 0x0000000086400000| Untracked 
|  73|0x0000000086500000, 0x0000000086500000, 0x0000000086600000|  0%| F|  |TAMS 0x0000000086500000, 0x0000000086500000| Untracked 
|  74|0x0000000086600000, 0x0000000086600000, 0x0000000086700000|  0%| F|  |TAMS 0x0000000086600000, 0x0000000086600000| Untracked 
|  75|0x0000000086700000, 0x0000000086700000, 0x0000000086800000|  0%| F|  |TAMS 0x0000000086700000, 0x0000000086700000| Untracked 
|  76|0x0000000086800000, 0x0000000086800000, 0x0000000086900000|  0%| F|  |TAMS 0x0000000086800000, 0x0000000086800000| Untracked 
|  77|0x0000000086900000, 0x0000000086900000, 0x0000000086a00000|  0%| F|  |TAMS 0x0000000086900000, 0x0000000086900000| Untracked 
|  78|0x0000000086a00000, 0x0000000086a00000, 0x0000000086b00000|  0%| F|  |TAMS 0x0000000086a00000, 0x0000000086a00000| Untracked 
|  79|0x0000000086b00000, 0x0000000086b00000, 0x0000000086c00000|  0%| F|  |TAMS 0x0000000086b00000, 0x0000000086b00000| Untracked 
|  80|0x0000000086c00000, 0x0000000086c00000, 0x0000000086d00000|  0%| F|  |TAMS 0x0000000086c00000, 0x0000000086c00000| Untracked 
|  81|0x0000000086d00000, 0x0000000086d00000, 0x0000000086e00000|  0%| F|  |TAMS 0x0000000086d00000, 0x0000000086d00000| Untracked 
|  82|0x0000000086e00000, 0x0000000086e00000, 0x0000000086f00000|  0%| F|  |TAMS 0x0000000086e00000, 0x0000000086e00000| Untracked 
|  83|0x0000000086f00000, 0x0000000086f00000, 0x0000000087000000|  0%| F|  |TAMS 0x0000000086f00000, 0x0000000086f00000| Untracked 
|  84|0x0000000087000000, 0x0000000087000000, 0x0000000087100000|  0%| F|  |TAMS 0x0000000087000000, 0x0000000087000000| Untracked 
|  85|0x0000000087100000, 0x0000000087100000, 0x0000000087200000|  0%| F|  |TAMS 0x0000000087100000, 0x0000000087100000| Untracked 
|  86|0x0000000087200000, 0x0000000087200000, 0x0000000087300000|  0%| F|  |TAMS 0x0000000087200000, 0x0000000087200000| Untracked 
|  87|0x0000000087300000, 0x0000000087300000, 0x0000000087400000|  0%| F|  |TAMS 0x0000000087300000, 0x0000000087300000| Untracked 
|  88|0x0000000087400000, 0x0000000087400000, 0x0000000087500000|  0%| F|  |TAMS 0x0000000087400000, 0x0000000087400000| Untracked 
|  89|0x0000000087500000, 0x0000000087500000, 0x0000000087600000|  0%| F|  |TAMS 0x0000000087500000, 0x0000000087500000| Untracked 
|  90|0x0000000087600000, 0x0000000087600000, 0x0000000087700000|  0%| F|  |TAMS 0x0000000087600000, 0x0000000087600000| Untracked 
|  91|0x0000000087700000, 0x0000000087700000, 0x0000000087800000|  0%| F|  |TAMS 0x0000000087700000, 0x0000000087700000| Untracked 
|  92|0x0000000087800000, 0x0000000087800000, 0x0000000087900000|  0%| F|  |TAMS 0x0000000087800000, 0x0000000087800000| Untracked 
|  93|0x0000000087900000, 0x0000000087900000, 0x0000000087a00000|  0%| F|  |TAMS 0x0000000087900000, 0x0000000087900000| Untracked 
|  94|0x0000000087a00000, 0x0000000087a00000, 0x0000000087b00000|  0%| F|  |TAMS 0x0000000087a00000, 0x0000000087a00000| Untracked 
|  95|0x0000000087b00000, 0x0000000087b00000, 0x0000000087c00000|  0%| F|  |TAMS 0x0000000087b00000, 0x0000000087b00000| Untracked 
|  96|0x0000000087c00000, 0x0000000087c00000, 0x0000000087d00000|  0%| F|  |TAMS 0x0000000087c00000, 0x0000000087c00000| Untracked 
|  97|0x0000000087d00000, 0x0000000087d00000, 0x0000000087e00000|  0%| F|  |TAMS 0x0000000087d00000, 0x0000000087d00000| Untracked 
|  98|0x0000000087e00000, 0x0000000087e00000, 0x0000000087f00000|  0%| F|  |TAMS 0x0000000087e00000, 0x0000000087e00000| Untracked 
|  99|0x0000000087f00000, 0x0000000087f00000, 0x0000000088000000|  0%| F|  |TAMS 0x0000000087f00000, 0x0000000087f00000| Untracked 
| 100|0x0000000088000000, 0x0000000088000000, 0x0000000088100000|  0%| F|  |TAMS 0x0000000088000000, 0x0000000088000000| Untracked 
| 101|0x0000000088100000, 0x0000000088100000, 0x0000000088200000|  0%| F|  |TAMS 0x0000000088100000, 0x0000000088100000| Untracked 
| 102|0x0000000088200000, 0x0000000088200000, 0x0000000088300000|  0%| F|  |TAMS 0x0000000088200000, 0x0000000088200000| Untracked 
| 103|0x0000000088300000, 0x0000000088300000, 0x0000000088400000|  0%| F|  |TAMS 0x0000000088300000, 0x0000000088300000| Untracked 
| 104|0x0000000088400000, 0x0000000088400000, 0x0000000088500000|  0%| F|  |TAMS 0x0000000088400000, 0x0000000088400000| Untracked 
| 105|0x0000000088500000, 0x0000000088500000, 0x0000000088600000|  0%| F|  |TAMS 0x0000000088500000, 0x0000000088500000| Untracked 
| 106|0x0000000088600000, 0x0000000088600000, 0x0000000088700000|  0%| F|  |TAMS 0x0000000088600000, 0x0000000088600000| Untracked 
| 107|0x0000000088700000, 0x0000000088700000, 0x0000000088800000|  0%| F|  |TAMS 0x0000000088700000, 0x0000000088700000| Untracked 
| 108|0x0000000088800000, 0x0000000088800000, 0x0000000088900000|  0%| F|  |TAMS 0x0000000088800000, 0x0000000088800000| Untracked 
| 109|0x0000000088900000, 0x0000000088976478, 0x0000000088a00000| 46%| E|  |TAMS 0x0000000088900000, 0x0000000088900000| Complete 
| 110|0x0000000088a00000, 0x0000000088b00000, 0x0000000088b00000|100%| E|CS|TAMS 0x0000000088a00000, 0x0000000088a00000| Complete 
| 111|0x0000000088b00000, 0x0000000088c00000, 0x0000000088c00000|100%| E|CS|TAMS 0x0000000088b00000, 0x0000000088b00000| Complete 
| 112|0x0000000088c00000, 0x0000000088d00000, 0x0000000088d00000|100%| E|CS|TAMS 0x0000000088c00000, 0x0000000088c00000| Complete 
| 113|0x0000000088d00000, 0x0000000088e00000, 0x0000000088e00000|100%| E|CS|TAMS 0x0000000088d00000, 0x0000000088d00000| Complete 
| 114|0x0000000088e00000, 0x0000000088f00000, 0x0000000088f00000|100%| E|CS|TAMS 0x0000000088e00000, 0x0000000088e00000| Complete 
| 115|0x0000000088f00000, 0x0000000089000000, 0x0000000089000000|100%| E|CS|TAMS 0x0000000088f00000, 0x0000000088f00000| Complete 
| 116|0x0000000089000000, 0x0000000089100000, 0x0000000089100000|100%| E|CS|TAMS 0x0000000089000000, 0x0000000089000000| Complete 
| 117|0x0000000089100000, 0x0000000089200000, 0x0000000089200000|100%| E|CS|TAMS 0x0000000089100000, 0x0000000089100000| Complete 
| 118|0x0000000089200000, 0x0000000089300000, 0x0000000089300000|100%| E|CS|TAMS 0x0000000089200000, 0x0000000089200000| Complete 
| 119|0x0000000089300000, 0x0000000089400000, 0x0000000089400000|100%| E|CS|TAMS 0x0000000089300000, 0x0000000089300000| Complete 
| 120|0x0000000089400000, 0x0000000089500000, 0x0000000089500000|100%| E|CS|TAMS 0x0000000089400000, 0x0000000089400000| Complete 
| 121|0x0000000089500000, 0x0000000089600000, 0x0000000089600000|100%| E|CS|TAMS 0x0000000089500000, 0x0000000089500000| Complete 
| 122|0x0000000089600000, 0x0000000089700000, 0x0000000089700000|100%| E|CS|TAMS 0x0000000089600000, 0x0000000089600000| Complete 
| 123|0x0000000089700000, 0x0000000089800000, 0x0000000089800000|100%| E|  |TAMS 0x0000000089700000, 0x0000000089700000| Complete 
| 124|0x0000000089800000, 0x0000000089900000, 0x0000000089900000|100%| E|CS|TAMS 0x0000000089800000, 0x0000000089800000| Complete 
| 125|0x0000000089900000, 0x0000000089a00000, 0x0000000089a00000|100%| E|CS|TAMS 0x0000000089900000, 0x0000000089900000| Complete 
| 126|0x0000000089a00000, 0x0000000089b00000, 0x0000000089b00000|100%| E|CS|TAMS 0x0000000089a00000, 0x0000000089a00000| Complete 
| 127|0x0000000089b00000, 0x0000000089c00000, 0x0000000089c00000|100%| E|CS|TAMS 0x0000000089b00000, 0x0000000089b00000| Complete 

Card table byte_map: [0x00000186455f0000,0x00000186459f0000] _byte_map_base: 0x00000186451e2000

Marking Bits (Prev, Next): (CMBitMap*) 0x000001862dcd3740, (CMBitMap*) 0x000001862dcd3780
 Prev Bits: [0x0000018645df0000, 0x0000018647d80000)
 Next Bits: [0x0000018647d80000, 0x0000018649d10000)

Polling page: 0x000001862d470000

Metaspace:

Usage:
  Non-class:      7.29 MB capacity,     7.15 MB ( 98%) used,   131.62 KB (  2%) free+waste,    11.50 KB ( <1%) overhead. 
      Class:    880.00 KB capacity,   819.17 KB ( 93%) used,    55.70 KB (  6%) free+waste,     5.12 KB ( <1%) overhead. 
       Both:      8.15 MB capacity,     7.95 MB ( 98%) used,   187.32 KB (  2%) free+waste,    16.62 KB ( <1%) overhead. 

Virtual space:
  Non-class space:        8.00 MB reserved,       7.50 MB ( 94%) committed 
      Class space:        1.00 GB reserved,     896.00 KB ( <1%) committed 
             Both:        1.01 GB reserved,       8.38 MB ( <1%) committed 

Chunk freelists:
   Non-Class:  23.00 KB
       Class:  16.00 KB
        Both:  39.00 KB

MaxMetaspaceSize: 17179869184.00 GB
CompressedClassSpaceSize: 1.00 GB

CodeHeap 'non-profiled nmethods': size=120000Kb used=344Kb max_used=344Kb free=119655Kb
 bounds [0x000001863d990000, 0x000001863dc00000, 0x0000018644ec0000]
CodeHeap 'profiled nmethods': size=120000Kb used=1741Kb max_used=1741Kb free=118259Kb
 bounds [0x0000018636460000, 0x00000186366d0000, 0x000001863d990000]
CodeHeap 'non-nmethods': size=5760Kb used=1304Kb max_used=1322Kb free=4455Kb
 bounds [0x0000018635ec0000, 0x0000018636130000, 0x0000018636460000]
 total_blobs=1553 nmethods=1062 adapters=404
 compilation: enabled
              stopped_count=0, restarted_count=0
 full_count=0

Compilation events (20 events):
Event: 2.614 Thread 0x000001864c74d3e0 1051       3       jdk.internal.jimage.BasicImageReader::getString (49 bytes)
Event: 2.615 Thread 0x000001864c74d3e0 nmethod 1051 0x000001863660dc90 code [0x000001863660de60, 0x000001863660e168]
Event: 2.615 Thread 0x000001864c74d3e0 1053       3       java.util.regex.Pattern::isSupplementary (21 bytes)
Event: 2.615 Thread 0x000001864c74d3e0 nmethod 1053 0x000001863660e310 code [0x000001863660e4c0, 0x000001863660e738]
Event: 2.615 Thread 0x000001864c74d3e0 1054       3       java.lang.Character::isSurrogate (18 bytes)
Event: 2.615 Thread 0x000001864c74d3e0 nmethod 1054 0x000001863660e810 code [0x000001863660e9a0, 0x000001863660eb18]
Event: 2.618 Thread 0x000001864c74d3e0 1055       3       java.lang.ClassLoader::loadClass (7 bytes)
Event: 2.618 Thread 0x000001864c74d3e0 nmethod 1055 0x000001863660eb90 code [0x000001863660ed40, 0x000001863660ef28]
Event: 2.618 Thread 0x000001864c74d3e0 1056       3       jdk.internal.loader.BuiltinClassLoader::loadClass (22 bytes)
Event: 2.618 Thread 0x000001864c74d3e0 nmethod 1056 0x000001863660f010 code [0x000001863660f1e0, 0x000001863660f4d8]
Event: 2.624 Thread 0x000001864c74d3e0 1057       3       org.eclipse.jdt.launching.internal.org.objectweb.asm.ByteVector::enlarge (51 bytes)
Event: 2.625 Thread 0x000001864c74d3e0 nmethod 1057 0x000001863660f610 code [0x000001863660f7c0, 0x000001863660fae8]
Event: 2.629 Thread 0x000001864c74d3e0 1058       3       java.lang.ClassLoader::getClassLoadingLock (35 bytes)
Event: 2.630 Thread 0x000001864c74d3e0 nmethod 1058 0x000001863660fc10 code [0x000001863660fdc0, 0x00000186366100c8]
Event: 2.630 Thread 0x000001864c74d3e0 1059       3       java.lang.ClassLoader::findLoadedClass (16 bytes)
Event: 2.630 Thread 0x000001864c74d3e0 nmethod 1059 0x0000018636610210 code [0x00000186366103c0, 0x0000018636610598]
Event: 2.630 Thread 0x000001864c74d3e0 1061   !   3       jdk.internal.loader.BuiltinClassLoader::loadClassOrNull (143 bytes)
Event: 2.634 Thread 0x000001864c74d3e0 nmethod 1061 0x0000018636610690 code [0x00000186366109c0, 0x0000018636611f98]
Event: 2.634 Thread 0x000001864c74d3e0 1062       3       jdk.internal.loader.BuiltinClassLoader::findLoadedModule (33 bytes)
Event: 2.636 Thread 0x000001864c74d3e0 nmethod 1062 0x0000018636612910 code [0x0000018636612b20, 0x0000018636613198]

GC Heap History (0 events):
No events

Deoptimization events (20 events):
Event: 2.471 Thread 0x000001862dc91490 DEOPT PACKING pc=0x0000018636604a54 sp=0x0000002baccfed50
Event: 2.471 Thread 0x000001862dc91490 DEOPT UNPACKING pc=0x0000018635f0e23f sp=0x0000002baccfe268 mode 0
Event: 2.473 Thread 0x000001862dc91490 DEOPT PACKING pc=0x0000018636604a54 sp=0x0000002baccfed50
Event: 2.473 Thread 0x000001862dc91490 DEOPT UNPACKING pc=0x0000018635f0e23f sp=0x0000002baccfe268 mode 0
Event: 2.474 Thread 0x000001862dc91490 DEOPT PACKING pc=0x0000018636604a54 sp=0x0000002baccfed50
Event: 2.474 Thread 0x000001862dc91490 DEOPT UNPACKING pc=0x0000018635f0e23f sp=0x0000002baccfe268 mode 0
Event: 2.475 Thread 0x000001862dc91490 DEOPT PACKING pc=0x0000018636604a54 sp=0x0000002baccfed50
Event: 2.475 Thread 0x000001862dc91490 DEOPT UNPACKING pc=0x0000018635f0e23f sp=0x0000002baccfe268 mode 0
Event: 2.477 Thread 0x000001862dc91490 DEOPT PACKING pc=0x0000018636604a54 sp=0x0000002baccfed50
Event: 2.477 Thread 0x000001862dc91490 DEOPT UNPACKING pc=0x0000018635f0e23f sp=0x0000002baccfe268 mode 0
Event: 2.478 Thread 0x000001862dc91490 DEOPT PACKING pc=0x0000018636604a54 sp=0x0000002baccfed50
Event: 2.478 Thread 0x000001862dc91490 DEOPT UNPACKING pc=0x0000018635f0e23f sp=0x0000002baccfe268 mode 0
Event: 2.479 Thread 0x000001862dc91490 DEOPT PACKING pc=0x0000018636604a54 sp=0x0000002baccfed50
Event: 2.479 Thread 0x000001862dc91490 DEOPT UNPACKING pc=0x0000018635f0e23f sp=0x0000002baccfe268 mode 0
Event: 2.481 Thread 0x000001862dc91490 DEOPT PACKING pc=0x0000018636604a54 sp=0x0000002baccfed50
Event: 2.481 Thread 0x000001862dc91490 DEOPT UNPACKING pc=0x0000018635f0e23f sp=0x0000002baccfe268 mode 0
Event: 2.567 Thread 0x000001862dc91490 Uncommon trap: trap_request=0xffffff45 fr.pc=0x000001863d9e4204 relative=0x00000000000006c4
Event: 2.567 Thread 0x000001862dc91490 Uncommon trap: reason=unstable_if action=reinterpret pc=0x000001863d9e4204 method=org.sqlite.SQLiteJDBCLoader.contentsEquals(Ljava/io/InputStream;Ljava/io/InputStream;)Z @ 39 c2
Event: 2.567 Thread 0x000001862dc91490 DEOPT PACKING pc=0x000001863d9e4204 sp=0x0000002baccfed90
Event: 2.567 Thread 0x000001862dc91490 DEOPT UNPACKING pc=0x0000018635f0e42f sp=0x0000002baccfed68 mode 2

Classes unloaded (0 events):
No events

Classes redefined (1 events):
Event: 133.658 Thread 0x000001864c71b4d0 redefined class name=QuestionDatabase.QuestionDatabaseManager, count=1

Internal exceptions (16 events):
Event: 0.665 Thread 0x000001862dc91490 Exception <a 'java/lang/NoSuchMethodError'{0x00000000899292b0}: 'void java.lang.invoke.DirectMethodHandle$Holder.invokeStatic(java.lang.Object, java.lang.Object)'> (0x00000000899292b0) 
thrown [./open/src/hotspot/share/interpreter/linkResolver.cpp, line 782]
Event: 0.667 Thread 0x000001862dc91490 Exception <a 'java/lang/NoSuchMethodError'{0x000000008992cf58}: 'void java.lang.invoke.DirectMethodHandle$Holder.invokeStaticInit(java.lang.Object, java.lang.Object)'> (0x000000008992cf58) 
thrown [./open/src/hotspot/share/interpreter/linkResolver.cpp, line 782]
Event: 1.015 Thread 0x000001862dc91490 Exception <a 'java/lang/NoSuchMethodError'{0x00000000898c8c80}: 'java.lang.Object java.lang.invoke.DirectMethodHandle$Holder.invokeStatic(java.lang.Object)'> (0x00000000898c8c80) 
thrown [./open/src/hotspot/share/interpreter/linkResolver.cpp, line 782]
Event: 1.221 Thread 0x000001862dc91490 Exception <a 'java/lang/NoSuchMethodError'{0x0000000089642760}: 'void java.lang.invoke.DirectMethodHandle$Holder.invokeSpecial(java.lang.Object, java.lang.Object, java.lang.Object)'> (0x0000000089642760) 
thrown [./open/src/hotspot/share/interpreter/linkResolver.cpp, line 782]
Event: 1.243 Thread 0x000001862dc91490 Exception <a 'java/lang/ClassNotFoundException'{0x00000000896835b0}: sun/awt/resources/spi/awtProvider> (0x00000000896835b0) 
thrown [./open/src/hotspot/share/classfile/systemDictionary.cpp, line 295]
Event: 1.285 Thread 0x000001862dc91490 Exception <a 'java/io/FileNotFoundException'{0x00000000896e19d8}> (0x00000000896e19d8) 
thrown [./open/src/hotspot/share/prims/jni.cpp, line 578]
Event: 1.302 Thread 0x000001862dc91490 Exception <a 'java/io/FileNotFoundException'{0x0000000089512c80}> (0x0000000089512c80) 
thrown [./open/src/hotspot/share/prims/jni.cpp, line 578]
Event: 1.392 Thread 0x000001862dc91490 Exception <a 'java/lang/NoSuchMethodError'{0x0000000089446348}: 'java.lang.Object java.lang.invoke.DirectMethodHandle$Holder.invokeStaticInit(java.lang.Object)'> (0x0000000089446348) 
thrown [./open/src/hotspot/share/interpreter/linkResolver.cpp, line 782]
Event: 1.518 Thread 0x000001862dc91490 Exception <a 'java/lang/NoSuchMethodError'{0x00000000893c29b0}: 'java.lang.Object java.lang.invoke.DirectMethodHandle$Holder.newInvokeSpecial(java.lang.Object, java.lang.Object, java.lang.Object, java.lang.Object, java.lang.Object)'> (0x00000000893c29b0) 
thrown [./open/src/hotspot/share/interpreter/linkResolver.cpp, line 782]
Event: 1.528 Thread 0x000001862dc91490 Exception <a 'java/lang/NoSuchMethodError'{0x00000000893ce440}: 'java.lang.Object java.lang.invoke.DirectMethodHandle$Holder.invokeStatic(java.lang.Object, int, java.lang.Object, java.lang.Object, java.lang.Object, java.lang.Object)'> (0x00000000893ce440) 
thrown [./open/src/hotspot/share/interpreter/linkResolver.cpp, line 782]
Event: 1.550 Thread 0x000001862dc91490 Exception <a 'java/lang/NoSuchMethodError'{0x00000000893f4d18}: 'java.lang.Object java.lang.invoke.DirectMethodHandle$Holder.invokeStatic(java.lang.Object, int, java.lang.Object)'> (0x00000000893f4d18) 
thrown [./open/src/hotspot/share/interpreter/linkResolver.cpp, line 782]
Event: 1.669 Thread 0x000001862dc91490 Exception <a 'java/lang/ClassNotFoundException'{0x00000000892bc6d8}: com/sun/swing/internal/plaf/metal/resources/spi/metalProvider> (0x00000000892bc6d8) 
thrown [./open/src/hotspot/share/classfile/systemDictionary.cpp, line 295]
Event: 1.673 Thread 0x000001862dc91490 Exception <a 'java/lang/ClassNotFoundException'{0x00000000892c31a8}: com/sun/swing/internal/plaf/basic/resources/spi/basicProvider> (0x00000000892c31a8) 
thrown [./open/src/hotspot/share/classfile/systemDictionary.cpp, line 295]
Event: 2.122 Thread 0x000001862dc91490 Exception <a 'java/lang/NoSuchMethodError'{0x0000000088b092c0}: 'java.lang.Object java.lang.invoke.DirectMethodHandle$Holder.invokeStaticInit(java.lang.Object, int, int, int, int)'> (0x0000000088b092c0) 
thrown [./open/src/hotspot/share/interpreter/linkResolver.cpp, line 782]
Event: 2.404 Thread 0x000001862dc91490 Exception <a 'java/lang/NoSuchMethodError'{0x0000000088b97518}: 'java.lang.Object java.lang.invoke.DirectMethodHandle$Holder.invokeStaticInit(java.lang.Object, java.lang.Object, int, int, int, int)'> (0x0000000088b97518) 
thrown [./open/src/hotspot/share/interpreter/linkResolver.cpp, line 782]
Event: 133.744 Thread 0x000001864d2a8550 Exception <a 'java/lang/LinkageError'{0x0000000089a841c8}> (0x0000000089a841c8) 
thrown [./open/src/hotspot/share/oops/generateOopMap.cpp, line 2137]

Events (20 events):
Event: 133.676 Executing VM operation: GetCurrentLocation
Event: 133.677 Executing VM operation: GetCurrentLocation done
Event: 133.677 Executing VM operation: ChangeSingleStep
Event: 133.677 Executing VM operation: ChangeSingleStep done
Event: 133.677 Executing VM operation: GetFrameLocation
Event: 133.677 Executing VM operation: GetFrameLocation done
Event: 133.677 Executing VM operation: get/set locals
Event: 133.677 Executing VM operation: get/set locals done
Event: 133.678 Executing VM operation: ChangeSingleStep
Event: 133.678 Executing VM operation: ChangeSingleStep done
Event: 133.678 Executing VM operation: GetFrameCount
Event: 133.679 Executing VM operation: GetFrameCount done
Event: 133.679 Executing VM operation: GetFrameCount
Event: 133.679 Executing VM operation: GetFrameCount done
Event: 133.679 Executing VM operation: GetStackTrace
Event: 133.680 Executing VM operation: GetStackTrace done
Event: 133.680 Executing VM operation: GetFrameCount
Event: 133.680 Executing VM operation: GetFrameCount done
Event: 133.743 Executing VM operation: GetFrameLocation
Event: 133.743 Executing VM operation: GetFrameLocation done


Dynamic libraries:
0x00007ff7a14f0000 - 0x00007ff7a14fd000 	C:\Program Files\Java\jdk-15.0.1\bin\javaw.exe
0x00007ffe94410000 - 0x00007ffe94605000 	C:\WINDOWS\SYSTEM32\ntdll.dll
0x00007ffe93ff0000 - 0x00007ffe940ae000 	C:\WINDOWS\System32\KERNEL32.DLL
0x00007ffe91f80000 - 0x00007ffe92248000 	C:\WINDOWS\System32\KERNELBASE.dll
0x00007ffe92250000 - 0x00007ffe92350000 	C:\WINDOWS\System32\ucrtbase.dll
0x00007ffe8cb90000 - 0x00007ffe8cba8000 	C:\Program Files\Java\jdk-15.0.1\bin\jli.dll
0x00007ffe8c480000 - 0x00007ffe8c499000 	C:\Program Files\Java\jdk-15.0.1\bin\VCRUNTIME140.dll
0x00007ffe92bb0000 - 0x00007ffe92d51000 	C:\WINDOWS\System32\USER32.dll
0x00007ffe91b90000 - 0x00007ffe91bb2000 	C:\WINDOWS\System32\win32u.dll
0x00007ffe84090000 - 0x00007ffe8432a000 	C:\WINDOWS\WinSxS\amd64_microsoft.windows.common-controls_6595b64144ccf1df_6.0.19041.1110_none_60b5254171f9507e\COMCTL32.dll
0x00007ffe93940000 - 0x00007ffe9396b000 	C:\WINDOWS\System32\GDI32.dll
0x00007ffe93cc0000 - 0x00007ffe93d5e000 	C:\WINDOWS\System32\msvcrt.dll
0x00007ffe92350000 - 0x00007ffe9245b000 	C:\WINDOWS\System32\gdi32full.dll
0x00007ffe91d70000 - 0x00007ffe91e0d000 	C:\WINDOWS\System32\msvcp_win.dll
0x00007ffe93010000 - 0x00007ffe93040000 	C:\WINDOWS\System32\IMM32.DLL
0x00007ffe8d3b0000 - 0x00007ffe8d3bc000 	C:\Program Files\Java\jdk-15.0.1\bin\vcruntime140_1.dll
0x00007ffe6fb40000 - 0x00007ffe6fbd1000 	C:\Program Files\Java\jdk-15.0.1\bin\msvcp140.dll
0x00007ffe57190000 - 0x00007ffe57cee000 	C:\Program Files\Java\jdk-15.0.1\bin\server\jvm.dll
0x00007ffe93d60000 - 0x00007ffe93e0c000 	C:\WINDOWS\System32\ADVAPI32.dll
0x00007ffe93e10000 - 0x00007ffe93eab000 	C:\WINDOWS\System32\sechost.dll
0x00007ffe940b0000 - 0x00007ffe941da000 	C:\WINDOWS\System32\RPCRT4.dll
0x00007ffe93ab0000 - 0x00007ffe93ab8000 	C:\WINDOWS\System32\PSAPI.DLL
0x00007ffe64000000 - 0x00007ffe64009000 	C:\WINDOWS\SYSTEM32\WSOCK32.dll
0x00007ffe6efc0000 - 0x00007ffe6efe7000 	C:\WINDOWS\SYSTEM32\WINMM.dll
0x00007ffe89d30000 - 0x00007ffe89d3a000 	C:\WINDOWS\SYSTEM32\VERSION.dll
0x00007ffe94360000 - 0x00007ffe943cb000 	C:\WINDOWS\System32\WS2_32.dll
0x00007ffe90400000 - 0x00007ffe90412000 	C:\WINDOWS\SYSTEM32\kernel.appcore.dll
0x00007ffe8c3c0000 - 0x00007ffe8c3ca000 	C:\Program Files\Java\jdk-15.0.1\bin\jimage.dll
0x00007ffe8ef40000 - 0x00007ffe8f124000 	C:\WINDOWS\SYSTEM32\DBGHELP.DLL
0x00007ffe89f70000 - 0x00007ffe89f9c000 	C:\WINDOWS\SYSTEM32\dbgcore.DLL
0x00007ffe91e10000 - 0x00007ffe91e93000 	C:\WINDOWS\System32\bcryptPrimitives.dll
0x00007ffe82fa0000 - 0x00007ffe82fd9000 	C:\Program Files\Java\jdk-15.0.1\bin\jdwp.dll
0x00007ffe8c070000 - 0x00007ffe8c07e000 	C:\Program Files\Java\jdk-15.0.1\bin\instrument.dll
0x00007ffe8aec0000 - 0x00007ffe8aee5000 	C:\Program Files\Java\jdk-15.0.1\bin\java.dll
0x00007ffe92470000 - 0x00007ffe92baf000 	C:\WINDOWS\System32\SHELL32.dll
0x00007ffe8fc10000 - 0x00007ffe903a0000 	C:\WINDOWS\SYSTEM32\windows.storage.dll
0x00007ffe93040000 - 0x00007ffe93395000 	C:\WINDOWS\System32\combase.dll
0x00007ffe914b0000 - 0x00007ffe914de000 	C:\WINDOWS\SYSTEM32\Wldp.dll
0x00007ffe942b0000 - 0x00007ffe9435d000 	C:\WINDOWS\System32\SHCORE.dll
0x00007ffe92d60000 - 0x00007ffe92db5000 	C:\WINDOWS\System32\shlwapi.dll
0x00007ffe91a70000 - 0x00007ffe91a8f000 	C:\WINDOWS\SYSTEM32\profapi.dll
0x00007ffe8c060000 - 0x00007ffe8c06b000 	C:\Program Files\Java\jdk-15.0.1\bin\dt_socket.dll
0x00007ffe90f00000 - 0x00007ffe90f3b000 	C:\WINDOWS\SYSTEM32\IPHLPAPI.DLL
0x00007ffe91210000 - 0x00007ffe9127a000 	C:\WINDOWS\system32\mswsock.dll
0x00007ffe90f40000 - 0x00007ffe9100b000 	C:\WINDOWS\SYSTEM32\DNSAPI.dll
0x00007ffe92460000 - 0x00007ffe92468000 	C:\WINDOWS\System32\NSI.dll
0x00007ffe89e30000 - 0x00007ffe89e3a000 	C:\Windows\System32\rasadhlp.dll
0x00007ffe874e0000 - 0x00007ffe8755f000 	C:\WINDOWS\System32\fwpuclnt.dll
0x00007ffe91f50000 - 0x00007ffe91f77000 	C:\WINDOWS\System32\bcrypt.dll
0x00007ffe8ae50000 - 0x00007ffe8ae68000 	C:\Program Files\Java\jdk-15.0.1\bin\zip.dll
0x00007ffe8c3a0000 - 0x00007ffe8c3b9000 	C:\Program Files\Java\jdk-15.0.1\bin\net.dll
0x00007ffe87b10000 - 0x00007ffe87c1c000 	C:\WINDOWS\SYSTEM32\WINHTTP.dll
0x00007ffe8af80000 - 0x00007ffe8af92000 	C:\Program Files\Java\jdk-15.0.1\bin\nio.dll
0x00007ffe8c250000 - 0x00007ffe8c260000 	C:\Program Files\Java\jdk-15.0.1\bin\verify.dll
0x00007ffe62e20000 - 0x00007ffe62f9f000 	C:\Program Files\Java\jdk-15.0.1\bin\awt.dll
0x00007ffe941e0000 - 0x00007ffe942ad000 	C:\WINDOWS\System32\OLEAUT32.dll
0x00007ffe8ed00000 - 0x00007ffe8ed90000 	C:\WINDOWS\SYSTEM32\apphelp.dll
0x00007ffe8f570000 - 0x00007ffe8f59f000 	C:\WINDOWS\system32\DWMAPI.DLL
0x00007ffe8f240000 - 0x00007ffe8f2de000 	C:\WINDOWS\system32\uxtheme.dll
0x00007ffe66040000 - 0x00007ffe66165000 	C:\WINDOWS\system32\opengl32.dll
0x00007ffe66a00000 - 0x00007ffe66a2c000 	C:\WINDOWS\SYSTEM32\GLU32.dll
0x00007ffe933a0000 - 0x00007ffe934b5000 	C:\WINDOWS\System32\MSCTF.dll
0x00007ffe93b90000 - 0x00007ffe93cba000 	C:\WINDOWS\System32\ole32.dll
0x00007ffe91400000 - 0x00007ffe91418000 	C:\WINDOWS\SYSTEM32\CRYPTSP.dll
0x00007ffe90b90000 - 0x00007ffe90bc4000 	C:\WINDOWS\system32\rsaenh.dll
0x00007ffe91a30000 - 0x00007ffe91a5e000 	C:\WINDOWS\SYSTEM32\USERENV.dll
0x00007ffe91420000 - 0x00007ffe9142c000 	C:\WINDOWS\SYSTEM32\CRYPTBASE.dll
0x00007ffe895b0000 - 0x00007ffe895c7000 	C:\WINDOWS\SYSTEM32\dhcpcsvc6.DLL
0x00007ffe89570000 - 0x00007ffe8958d000 	C:\WINDOWS\SYSTEM32\dhcpcsvc.DLL
0x0000000067740000 - 0x0000000067818000 	C:\Users\joshu\AppData\Local\Temp\sqlite-3.34.0-e0bfc3f8-288a-4536-94e9-c3ae3f71f564-sqlitejdbc.dll

dbghelp: loaded successfully - version: 4.0.5 - missing functions: none
symbol engine: initialized successfully - sym options: 0x614 - pdb path: .;C:\Program Files\Java\jdk-15.0.1\bin;C:\WINDOWS\SYSTEM32;C:\WINDOWS\WinSxS\amd64_microsoft.windows.common-controls_6595b64144ccf1df_6.0.19041.1110_none_60b5254171f9507e;C:\Program Files\Java\jdk-15.0.1\bin\server;C:\Users\joshu\AppData\Local\Temp

VM Arguments:
jvm_args: -XX:+ShowCodeDetailsInExceptionMessages -agentlib:jdwp=transport=dt_socket,suspend=y,address=localhost:57246 -javaagent:C:\Users\joshu\eclipse\java-2021-092\eclipse\configuration\org.eclipse.osgi\222\0\.cp\lib\javaagent-shaded.jar -Dfile.encoding=Cp1252 
java_command: MazeGUI
java_class_path (initial): C:\Users\joshu\eclipse-workspace\TriviaMaze;C:\Users\joshu\eclipse-workspace\TriviaMaze\sqlite-jdbc-3.34.0.jar
Launcher Type: SUN_STANDARD

[Global flags]
     intx CICompilerCount                          = 4                                         {product} {ergonomic}
     uint ConcGCThreads                            = 2                                         {product} {ergonomic}
     uint G1ConcRefinementThreads                  = 8                                         {product} {ergonomic}
   size_t G1HeapRegionSize                         = 1048576                                   {product} {ergonomic}
    uintx GCDrainStackTargetSize                   = 64                                        {product} {ergonomic}
   size_t InitialHeapSize                          = 134217728                                 {product} {ergonomic}
   size_t MarkStackSize                            = 4194304                                   {product} {ergonomic}
   size_t MaxHeapSize                              = 2118123520                                {product} {ergonomic}
   size_t MaxNewSize                               = 1270874112                                {product} {ergonomic}
   size_t MinHeapDeltaBytes                        = 1048576                                   {product} {ergonomic}
   size_t MinHeapSize                              = 8388608                                   {product} {ergonomic}
    uintx NonNMethodCodeHeapSize                   = 5839372                                {pd product} {ergonomic}
    uintx NonProfiledCodeHeapSize                  = 122909434                              {pd product} {ergonomic}
    uintx ProfiledCodeHeapSize                     = 122909434                              {pd product} {ergonomic}
    uintx ReservedCodeCacheSize                    = 251658240                              {pd product} {ergonomic}
     bool SegmentedCodeCache                       = true                                      {product} {ergonomic}
     bool ShowCodeDetailsInExceptionMessages       = true                                   {manageable} {command line}
   size_t SoftMaxHeapSize                          = 2118123520                             {manageable} {ergonomic}
     bool UseCompressedClassPointers               = true                                 {lp64_product} {ergonomic}
     bool UseCompressedOops                        = true                                 {lp64_product} {ergonomic}
     bool UseG1GC                                  = true                                      {product} {ergonomic}
     bool UseLargePagesIndividualAllocation        = false                                  {pd product} {ergonomic}

Logging:
Log output configuration:
 #0: stdout all=warning uptime,level,tags
 #1: stderr all=off uptime,level,tags

Environment Variables:
JAVA_HOME=C:\Program Files\Java\jdk-15.0.1
PATH=C:/Program Files/Java/jdk-15.0.1/bin/server;C:/Program Files/Java/jdk-15.0.1/bin;C:\Program Files (x86)\Common Files\Oracle\Java\javapath;C:\Program Files\Java\jdk-15.0.1\bin;C:\Program Files (x86)\Intel\iCLS Client\;C:\Program Files\Intel\iCLS Client\;C:\WINDOWS\system32;C:\WINDOWS;C:\WINDOWS\System32\Wbem;C:\WINDOWS\System32\WindowsPowerShell\v1.0\;C:\Program Files (x86)\Intel\Intel(R) Management Engine Components\DAL;C:\Program Files\Intel\Intel(R) Management Engine Components\DAL;C:\Program Files (x86)\Intel\Intel(R) Management Engine Components\IPT;C:\Program Files\Intel\Intel(R) Management Engine Components\IPT;C:\WINDOWS\System32\OpenSSH\;C:\Program Files (x86)\PharosSystems\Core;C:\Program Files\Intel\WiFi\bin\;C:\Program Files\Common Files\Intel\WirelessCommon\;C:\Program Files\Git\cmd;C:\Program Files\nodejs\;C:\Program Files\PuTTY\;C:\Users\joshu\AppData\Local\Microsoft\WindowsApps;C:\Users\joshu\AppData\Local\atom\bin;C:\Users\joshu\AppData\Roaming\npm;%USERPROFILE%\AppData\Local\Microsoft\WindowsApps;;C:\Users\joshu\OneDrive\Desktop;
USERNAME=joshu
OS=Windows_NT
PROCESSOR_IDENTIFIER=Intel64 Family 6 Model 142 Stepping 10, GenuineIntel



---------------  S Y S T E M  ---------------

OS:
 Windows 10 , 64 bit Build 19041 (10.0.19041.1348)
OS uptime: 18 days 19:19 hours

CPU: total 8 (initial active 8) (4 cores per cpu, 2 threads per core) family 6 model 142 stepping 10 microcode 0xb4, cmov, cx8, fxsr, mmx, sse, sse2, sse3, ssse3, sse4.1, sse4.2, popcnt, vzeroupper, avx, avx2, aes, clmul, erms, 3dnowpref, lzcnt, ht, tsc, tscinvbit, bmi1, bmi2, adx, fma, clflush, clflushopt

Memory: 4k page, system-wide physical 8074M (1243M free)
TotalPageFile size 19733M (AvailPageFile size 7111M)
current process WorkingSet (physical memory assigned to process): 68M, peak: 69M
current process commit charge ("private bytes"): 223M, peak: 224M

vm_info: OpenJDK 64-Bit Server VM (15.0.1+9-18) for windows-amd64 JRE (15.0.1+9-18), built on Sep 15 2020 14:39:31 by "mach5one" with unknown MS VC++:1925

END.
